<?xml version="1.0" encoding="UTF-8" ?>
<testsuite tests="106" failures="4" name="siriustest.run.RunnerTest" time="4.947" errors="0" skipped="14">
  <properties>
[...]
</properties>
  <testcase classname="Пусть страница &apos;Платежи наличными&apos; открыта(Сценарий: Авторизация в гостевом блоке (успешно))" name="Пусть страница &apos;Платежи наличными&apos; открыта(Сценарий: Авторизация в гостевом блоке " time="0.008"/>
  <testcase classname="То шаблон &quot;atm_cash_menu&quot; отображен(Сценарий: Авторизация в гостевом блоке (успешно))" name="То шаблон &quot;atm_cash_menu&quot; отображен(Сценарий: Авторизация в гостевом блоке " time="0"/>
  <testcase classname="И в логе ПН сервера присутствует строка &quot;PaymentSource = 0&quot;(Сценарий: Авторизация в гостевом блоке (успешно))" name="И в логе ПН сервера присутствует строка &quot;PaymentSource = 0&quot;(Сценарий: Авторизация в гостевом блоке " time="0"/>
  <testcase classname="И в логе ПН сервера присутствует строка &quot;cashout = 1&quot;(Сценарий: Авторизация в гостевом блоке (успешно))" name="И в логе ПН сервера присутствует строка &quot;cashout = 1&quot;(Сценарий: Авторизация в гостевом блоке " time="0"/>
  <testcase classname="И в логе ПН сервера присутствует строка &quot;FormFactor = ERROR_ON_GET_VALUE:err_code&quot;(Сценарий: Авторизация в гостевом блоке (успешно))" name="И в логе ПН сервера присутствует строка &quot;FormFactor = ERROR_ON_GET_VALUE:err_code&quot;(Сценарий: Авторизация в гостевом блоке " time="0"/>
  <testcase classname="И в логе ПН сервера присутствует строка &quot;cashin = 1&quot;(Сценарий: Авторизация в гостевом блоке (успешно))" name="И в логе ПН сервера присутствует строка &quot;cashin = 1&quot;(Сценарий: Авторизация в гостевом блоке " time="0"/>
  <testcase classname="И в логе ПН сервера присутствует строка &quot;nfcReader = 1&quot;(Сценарий: Авторизация в гостевом блоке (успешно))" name="И в логе ПН сервера присутствует строка &quot;nfcReader = 1&quot;(Сценарий: Авторизация в гостевом блоке " time="0"/>
  <testcase classname="И в логе ПН сервера присутствует строка &quot;PaymentAuthRes = 0&quot;(Сценарий: Авторизация в гостевом блоке (успешно))" name="И в логе ПН сервера присутствует строка &quot;PaymentAuthRes = 0&quot;(Сценарий: Авторизация в гостевом блоке " time="0"/>
  <testcase classname="И в логе ПН сервера присутствует строка &quot;PaymentStatus = 0&quot;(Сценарий: Авторизация в гостевом блоке (успешно))" name="И в логе ПН сервера присутствует строка &quot;PaymentStatus = 0&quot;(Сценарий: Авторизация в гостевом блоке " time="0"/>
  <testcase classname="И в логе ПН сервера присутствует строка &quot;printer = 1&quot;(Сценарий: Авторизация в гостевом блоке (успешно))" name="И в логе ПН сервера присутствует строка &quot;printer = 1&quot;(Сценарий: Авторизация в гостевом блоке " time="0"/>
  <testcase classname="И в логе ПН сервера присутствует строка &quot;system = cash_pay&quot;(Сценарий: Авторизация в гостевом блоке (успешно))" name="И в логе ПН сервера присутствует строка &quot;system = cash_pay&quot;(Сценарий: Авторизация в гостевом блоке " time="0"/>
  <testcase classname="И в логе ПН сервера присутствует строка &quot;terminal = 222212&quot;(Сценарий: Авторизация в гостевом блоке (успешно))" name="И в логе ПН сервера присутствует строка &quot;terminal = 222212&quot;(Сценарий: Авторизация в гостевом блоке " time="0"/>
  <testcase classname="И в логе ПН сервера присутствует строка &quot;PaymentCurrency = 0&quot;(Сценарий: Авторизация в гостевом блоке (успешно))" name="И в логе ПН сервера присутствует строка &quot;PaymentCurrency = 0&quot;(Сценарий: Авторизация в гостевом блоке " time="0"/>
  <testcase classname="И в логе ПН сервера присутствует строка &quot;PaymentProvidedAmount = 0&quot;(Сценарий: Авторизация в гостевом блоке (успешно))" name="И в логе ПН сервера присутствует строка &quot;PaymentProvidedAmount = 0&quot;(Сценарий: Авторизация в гостевом блоке " time="0"/>
  <testcase classname="И в логе ПН сервера присутствует строка &quot;NotesAccept = BNA&quot;(Сценарий: Авторизация в гостевом блоке (успешно))" name="И в логе ПН сервера присутствует строка &quot;NotesAccept = BNA&quot;(Сценарий: Авторизация в гостевом блоке " time="0"/>
  <testcase classname="И в логе ПН сервера присутствует строка &quot;DisplayType = touch&quot;(Сценарий: Авторизация в гостевом блоке (успешно))" name="И в логе ПН сервера присутствует строка &quot;DisplayType = touch&quot;(Сценарий: Авторизация в гостевом блоке " time="0"/>
  <testcase classname="И в логе ПН сервера присутствует строка &quot;ClientType = 2&quot;(Сценарий: Авторизация в гостевом блоке (успешно))" name="И в логе ПН сервера присутствует строка &quot;ClientType = 2&quot;(Сценарий: Авторизация в гостевом блоке " time="0.016">
    <failure type="java.lang.AssertionError">java.lang.AssertionError
	at org.junit.Assert.fail(Assert.java:86)
	at org.junit.Assert.assertTrue(Assert.java:41)
	at org.junit.Assert.assertTrue(Assert.java:52)
	at siriustest.steps.UserActionSteps.serverLogShouldContainStringPN(UserActionSteps.java:62)
	at ✽.И в логе ПН сервера присутствует строка &quot;ClientType = 2&quot;(Touch/Платежи наличными/Авторизация/1084. Авторизация в гостевом блоке (успешно).feature:28)
</failure>
  </testcase>
  <testcase classname="успешно" name="Сценарий: Авторизация в гостевом блоке " time="0.016">
    <failure type="java.lang.AssertionError">java.lang.AssertionError
	at org.junit.Assert.fail(Assert.java:86)
	at org.junit.Assert.assertTrue(Assert.java:41)
	at org.junit.Assert.assertTrue(Assert.java:52)
	at siriustest.steps.UserActionSteps.serverLogShouldContainStringPN(UserActionSteps.java:62)
	at ✽.И в логе ПН сервера присутствует строка &quot;ClientType = 2&quot;(Touch/Платежи наличными/Авторизация/1084. Авторизация в гостевом блоке (успешно).feature:28)
</failure>
  </testcase>
  <testcase classname="И в логе ПН сервера присутствует строка &quot;cardreader = 1&quot;(Сценарий: Авторизация в гостевом блоке (успешно))" name="И в логе ПН сервера присутствует строка &quot;cardreader = 1&quot;(Сценарий: Авторизация в гостевом блоке " time="0.032">
    <skipped/>
  </testcase>
  <testcase classname="И в логе ПН сервера присутствует строка &quot;scanner = 1&quot;(Сценарий: Авторизация в гостевом блоке (успешно))" name="И в логе ПН сервера присутствует строка &quot;scanner = 1&quot;(Сценарий: Авторизация в гостевом блоке " time="0.032">
    <skipped/>
  </testcase>
  <testcase classname="И в логе ПН сервера присутствует строка &quot;PaymentRequestedAmount = 000000000000&quot;(Сценарий: Авторизация в гостевом блоке (успешно))" name="И в логе ПН сервера присутствует строка &quot;PaymentRequestedAmount = 000000000000&quot;(Сценарий: Авторизация в гостевом блоке " time="0.032">
    <skipped/>
  </testcase>
  <testcase classname="И в логе ПН сервера присутствует строка &quot;Пропускаем проверку токена&quot;(Сценарий: Авторизация в гостевом блоке (успешно))" name="И в логе ПН сервера присутствует строка &quot;Пропускаем проверку токена&quot;(Сценарий: Авторизация в гостевом блоке " time="0.032">
    <skipped/>
  </testcase>
  <testcase classname="И в логе ПН сервера присутствует строка &quot;ЕРИБ REQUEST: GuestCSALogon&quot;(Сценарий: Авторизация в гостевом блоке (успешно))" name="И в логе ПН сервера присутствует строка &quot;ЕРИБ REQUEST: GuestCSALogon&quot;(Сценарий: Авторизация в гостевом блоке " time="0.032">
    <skipped/>
  </testcase>
  <testcase classname="И в логе ПН сервера присутствует строка &quot;/CSAATM/login.do&quot;(Сценарий: Авторизация в гостевом блоке (успешно))" name="И в логе ПН сервера присутствует строка &quot;/CSAATM/login.do&quot;(Сценарий: Авторизация в гостевом блоке " time="0.032">
    <skipped/>
  </testcase>
  <testcase classname="И в логе ПН сервера присутствует строка &quot;POST параметры: []&quot;(Сценарий: Авторизация в гостевом блоке (успешно))" name="И в логе ПН сервера присутствует строка &quot;POST параметры: []&quot;(Сценарий: Авторизация в гостевом блоке " time="0.032">
    <skipped/>
  </testcase>
  <testcase classname="И в логе ПН сервера присутствует строка &quot;ЕРИБ REQUEST: NodeLogon&quot;(Сценарий: Авторизация в гостевом блоке (успешно))" name="И в логе ПН сервера присутствует строка &quot;ЕРИБ REQUEST: NodeLogon&quot;(Сценарий: Авторизация в гостевом блоке " time="0.032">
    <skipped/>
  </testcase>
  <testcase classname="И в логе ПН сервера присутствует строка &quot;postCSAGuestLogin.do&quot;(Сценарий: Авторизация в гостевом блоке (успешно))" name="И в логе ПН сервера присутствует строка &quot;postCSAGuestLogin.do&quot;(Сценарий: Авторизация в гостевом блоке " time="0.032">
    <skipped/>
  </testcase>
  <testcase classname="И в логе ПН сервера присутствует строка &quot;POST параметры: [token = &apos;170323124206546938003371720400100011007865&apos; , codeATM = &apos;222212&apos; , atmRegionCode = &apos;17401&apos; , atmTB = &apos;42&apos; , atmOSB = &apos;8611&apos; ]&quot;(Сценарий: Авторизация в гостевом блоке (успешно))" name="И в логе ПН сервера присутствует строка &quot;POST параметры: [token = &apos;170323124206546938003371720400100011007865&apos; , codeATM = &apos;222212&apos; , atmRegionCode = &apos;17401&apos; , atmTB = &apos;42&apos; , atmOSB = &apos;8611&apos; ]&quot;(Сценарий: Авторизация в гостевом блоке " time="0.032">
    <skipped/>
  </testcase>
  <testcase classname="Сценарий: Форма платежи и переводы" name="Пусть страница &apos;Платежи наличными&apos; открыта" time="0"/>
  <testcase classname="Сценарий: Форма платежи и переводы" name="То шаблон &quot;atm_cash_menu&quot; отображен" time="0"/>
  <testcase classname="Сценарий: Форма платежи и переводы" name="И элемент с текстом &quot;Платежи наличными&quot; отображен" time="0"/>
  <testcase classname="Сценарий: Форма платежи и переводы" name="И элемент с текстом &quot;ЕИРЦ&quot; отображен" time="0"/>
  <testcase classname="Сценарий: Форма платежи и переводы" name="И в логе ПН сервера присутствует строка &quot;REQUEST: chooseProvider&quot;" time="0"/>
  <testcase classname="Сценарий: Форма платежи и переводы" name="И в логе ПН сервера присутствует строка &quot;private/dictionary/servicesPayments.do&quot;" time="0"/>
  <testcase classname="Сценарий: Форма платежи и переводы" name="И в логе ПН сервера присутствует строка &quot;POST параметры: [regionGuid = &apos;45000&apos; ]&quot;" time="0"/>
  <testcase classname="Сценарий: Форма платежи и переводы" name="И в логе ПН сервера присутствует строка &quot;REQUEST: choosePopular&quot;" time="0"/>
  <testcase classname="Сценарий: Форма платежи и переводы" name="И в логе ПН сервера присутствует строка &quot;private/dictionary/popularPayments.do&quot;" time="0"/>
  <testcase classname="Сценарий: Форма платежи и переводы" name="И в логе ПН сервера присутствует строка &quot;POST параметры: [regionGuid = &apos;45000&apos; , paginationSize = &apos;6&apos; , type = &apos;provider&apos; ]&quot;" time="0"/>
  <testcase classname="Сценарий: Форма платежи и переводы" name="Сценарий: Форма платежи и переводы" time="1.014"/>
  <testcase classname="Сценарий: Выбор категории" name="Пусть страница &apos;Платежи наличными&apos; открыта" time="0"/>
  <testcase classname="Сценарий: Выбор категории" name="Если пользователь нажимает кнопку &quot;Платежи наличными&quot;" time="0"/>
  <testcase classname="Сценарий: Выбор категории" name="То шаблон &quot;atm_menu_inner&quot; отображен" time="0"/>
  <testcase classname="Сценарий: Выбор категории" name="И элемент &quot;title&quot; с текстом &quot;Платежи наличными&quot; отображен" time="0"/>
  <testcase classname="Сценарий: Выбор категории" name="И элемент &quot;caption&quot; с текстом &quot;Выберите поставщика&quot; отображен" time="0"/>
  <testcase classname="Сценарий: Выбор категории" name="И элемент с текстом &quot;Завершить обслуживание&quot; отображен" time="0"/>
  <testcase classname="Сценарий: Выбор категории" name="И в логе ПН сервера присутствует строка &quot;ЕРИБ REQUEST: chooseProvider&quot;" time="0"/>
  <testcase classname="Сценарий: Выбор категории" name="И в логе ПН сервера присутствует строка &quot;private/dictionary/servicesPayments.do&quot;" time="0"/>
  <testcase classname="Сценарий: Выбор категории" name="И в логе ПН сервера присутствует строка &quot;POST параметры: [id = &apos;CASHPAY&apos; , regionGuid = &apos;45000&apos; , paginationSize = &apos;200&apos; ]&quot;" time="0"/>
  <testcase classname="Сценарий: Выбор категории" name="Сценарий: Выбор категории" time="0.951"/>
  <testcase classname="Пусть страница &apos;Платежи наличными&apos; открыта(Сценарий: Выбран ПУ, у ПУ 1 услуга (Наличный расчет))" name="Пусть страница &apos;Платежи наличными&apos; открыта(Сценарий: Выбран ПУ, у ПУ 1 услуга " time="0"/>
  <testcase classname="Если пользователь нажимает кнопку &quot;Платежи наличными&quot;(Сценарий: Выбран ПУ, у ПУ 1 услуга (Наличный расчет))" name="Если пользователь нажимает кнопку &quot;Платежи наличными&quot;(Сценарий: Выбран ПУ, у ПУ 1 услуга " time="0"/>
  <testcase classname="Если пользователь нажимает кнопку &quot;1 одноименная услуга&quot;(Сценарий: Выбран ПУ, у ПУ 1 услуга (Наличный расчет))" name="Если пользователь нажимает кнопку &quot;1 одноименная услуга&quot;(Сценарий: Выбран ПУ, у ПУ 1 услуга " time="0"/>
  <testcase classname="То шаблон &quot;atm_total&quot; отображен(Сценарий: Выбран ПУ, у ПУ 1 услуга (Наличный расчет))" name="То шаблон &quot;atm_total&quot; отображен(Сценарий: Выбран ПУ, у ПУ 1 услуга " time="0"/>
  <testcase classname="И в логе ПН сервера присутствует строка &quot;ЕРИБ REQUEST: initCashPayment&quot;(Сценарий: Выбран ПУ, у ПУ 1 услуга (Наличный расчет))" name="И в логе ПН сервера присутствует строка &quot;ЕРИБ REQUEST: initCashPayment&quot;(Сценарий: Выбран ПУ, у ПУ 1 услуга " time="0"/>
  <testcase classname="Если пользователь нажимает кнопку &quot;Назад&quot;(Сценарий: Выбран ПУ, у ПУ 1 услуга (Наличный расчет))" name="Если пользователь нажимает кнопку &quot;Назад&quot;(Сценарий: Выбран ПУ, у ПУ 1 услуга " time="0.001"/>
  <testcase classname="Если пользователь нажимает кнопку &quot;Платежи наличными&quot;(Сценарий: Выбран ПУ, у ПУ 1 услуга (Наличный расчет))" name="Если пользователь нажимает кнопку &quot;Платежи наличными&quot;(Сценарий: Выбран ПУ, у ПУ 1 услуга " time="0"/>
  <testcase classname="Если пользователь нажимает кнопку &quot;1 одноименная услуга безнал&quot;(Сценарий: Выбран ПУ, у ПУ 1 услуга (Наличный расчет))" name="Если пользователь нажимает кнопку &quot;1 одноименная услуга безнал&quot;(Сценарий: Выбран ПУ, у ПУ 1 услуга " time="0"/>
  <testcase classname="То шаблон &quot;atm_attention&quot; отображен(Сценарий: Выбран ПУ, у ПУ 1 услуга (Наличный расчет))" name="То шаблон &quot;atm_attention&quot; отображен(Сценарий: Выбран ПУ, у ПУ 1 услуга " time="0"/>
  <testcase classname="Если пользователь нажимает кнопку &quot;Далее&quot;(Сценарий: Выбран ПУ, у ПУ 1 услуга (Наличный расчет))" name="Если пользователь нажимает кнопку &quot;Далее&quot;(Сценарий: Выбран ПУ, у ПУ 1 услуга " time="0"/>
  <testcase classname="То шаблон &quot;atm_total&quot; отображен(Сценарий: Выбран ПУ, у ПУ 1 услуга (Наличный расчет))" name="То шаблон &quot;atm_total&quot; отображен(Сценарий: Выбран ПУ, у ПУ 1 услуга " time="0"/>
  <testcase classname="И в логе ПН сервера присутствует строка &quot;ЕРИБ REQUEST: initCashPayment&quot;(Сценарий: Выбран ПУ, у ПУ 1 услуга (Наличный расчет))" name="И в логе ПН сервера присутствует строка &quot;ЕРИБ REQUEST: initCashPayment&quot;(Сценарий: Выбран ПУ, у ПУ 1 услуга " time="0"/>
  <testcase classname="Наличный расчет" name="Сценарий: Выбран ПУ, у ПУ 1 услуга " time="1.388"/>
  <testcase classname="Сценарий: Оплата сотовых операторов" name="Пусть страница &apos;Платежи наличными&apos; открыта" time="0"/>
  <testcase classname="Сценарий: Оплата сотовых операторов" name="Если пользователь нажимает кнопку &quot;МТС&quot;" time="0"/>
  <testcase classname="Сценарий: Оплата сотовых операторов" name="И пользователь ожидает &quot;5&quot; секунд" time="0"/>
  <testcase classname="Сценарий: Оплата сотовых операторов" name="То в логе ПН сервера присутствует строка &quot;POST параметры: [billing = &apos;mob&apos; , service = &apos;100&apos; , provider = &apos;200&apos; , serviceGuid = &apos;100_guid&apos; , providerGuid = &apos;200_guid&apos; , operation = &apos;init&apos; ]&quot;" time="0"/>
  <testcase classname="Сценарий: Оплата сотовых операторов" name="Если пользователь вводит &quot;3693693693&quot;" time="0"/>
  <testcase classname="Сценарий: Оплата сотовых операторов" name="Если пользователь нажимает кнопку &quot;Далее&quot;" time="0"/>
  <testcase classname="Сценарий: Оплата сотовых операторов" name="Если пользователь вводит &quot;500&quot;" time="0"/>
  <testcase classname="Сценарий: Оплата сотовых операторов" name="И пользователь ожидает &quot;2&quot; секунд" time="0"/>
  <testcase classname="Сценарий: Оплата сотовых операторов" name="Если пользователь нажимает кнопку &quot;Далее&quot;" time="0"/>
  <testcase classname="Сценарий: Оплата сотовых операторов" name="То шаблон &quot;atm_total&quot; отображен" time="0"/>
  <testcase classname="Сценарий: Оплата сотовых операторов" name="И в логе ПН сервера присутствует строка &quot;servicesPayments/edit.do&quot;" time="0"/>
  <testcase classname="Сценарий: Оплата сотовых операторов" name="Если пользователь нажимает кнопку &quot;Оплатить наличными&quot;" time="0"/>
  <testcase classname="Сценарий: Оплата сотовых операторов" name="Если пользователь вводит &quot;3693693693&quot;" time="0"/>
  <testcase classname="Сценарий: Оплата сотовых операторов" name="Если пользователь нажимает кнопку &quot;Далее&quot;" time="0"/>
  <testcase classname="Сценарий: Оплата сотовых операторов" name="Если пользователь нажимает кнопку &quot;100&quot;" time="0"/>
  <testcase classname="Сценарий: Оплата сотовых операторов" name="Если пользователь нажимает кнопку &quot;Оплатить&quot;" time="0"/>
  <testcase classname="Сценарий: Оплата сотовых операторов" name="И пользователь ожидает &quot;5&quot; секунд" time="0"/>
  <testcase classname="Сценарий: Оплата сотовых операторов" name="То в логе ПН сервера присутствует строка &quot;PackOfPayments/confirm.do&quot;" time="0">
    <failure type="java.lang.AssertionError">java.lang.AssertionError
	at org.junit.Assert.fail(Assert.java:86)
	at org.junit.Assert.assertTrue(Assert.java:41)
	at org.junit.Assert.assertTrue(Assert.java:52)
	at siriustest.steps.UserActionSteps.serverLogShouldContainStringPN(UserActionSteps.java:62)
	at ✽.То в логе ПН сервера присутствует строка &quot;PackOfPayments/confirm.do&quot;(Touch/Платежи наличными/ПУ для платежей наличными/1227.Оплата сотовых операторов.feature:31)
</failure>
  </testcase>
  <testcase classname="Сценарий: Оплата сотовых операторов" name="Сценарий: Оплата сотовых операторов" time="0">
    <failure type="java.lang.AssertionError">java.lang.AssertionError
	at org.junit.Assert.fail(Assert.java:86)
	at org.junit.Assert.assertTrue(Assert.java:41)
	at org.junit.Assert.assertTrue(Assert.java:52)
	at siriustest.steps.UserActionSteps.serverLogShouldContainStringPN(UserActionSteps.java:62)
	at ✽.То в логе ПН сервера присутствует строка &quot;PackOfPayments/confirm.do&quot;(Touch/Платежи наличными/ПУ для платежей наличными/1227.Оплата сотовых операторов.feature:31)
</failure>
  </testcase>
  <testcase classname="Сценарий: Оплата сотовых операторов" name="Если пользователь нажимает кнопку &quot;Напечатать чек&quot;" time="0.001">
    <skipped/>
  </testcase>
  <testcase classname="Сценарий: Оплата сотовых операторов" name="То в логе ПН сервера присутствует строка &quot;payments/printCheck.do&quot;" time="0.001">
    <skipped/>
  </testcase>
  <testcase classname="Сценарий: Оплата сотовых операторов" name="Если пользователь нажимает кнопку &quot;ОК&quot;" time="0.003">
    <skipped/>
  </testcase>
  <testcase classname="Сценарий: Оплата сотовых операторов" name="Если пользователь нажимает кнопку &quot;Завершить обслуживание&quot;" time="0.003">
    <skipped/>
  </testcase>
  <testcase classname="Сценарий: Подгготовка основного платежа" name="Пусть страница &apos;Платежи наличными&apos; открыта" time="0"/>
  <testcase classname="Сценарий: Подгготовка основного платежа" name="Если пользователь нажимает кнопку &quot;Платежи наличными&quot;" time="0"/>
  <testcase classname="Сценарий: Подгготовка основного платежа" name="Если пользователь нажимает кнопку &quot;Нал люб&quot;" time="0"/>
  <testcase classname="Сценарий: Подгготовка основного платежа" name="То элемент &quot;title&quot; с текстом &quot;Нал люб&quot; отображен" time="0"/>
  <testcase classname="Сценарий: Подгготовка основного платежа" name="Если пользователь нажимает кнопку &quot;1.CashPay true puTypeSum=0&quot;" time="0"/>
  <testcase classname="Сценарий: Подгготовка основного платежа" name="То элемент &quot;title&quot; с текстом &quot;1.CashPay true puTypeSum=0&quot; отображен" time="0"/>
  <testcase classname="Сценарий: Подгготовка основного платежа" name="И в логе ПН сервера присутствует строка &quot;private/payments/servicesPayments/edit.do&quot;" time="0"/>
  <testcase classname="Сценарий: Подгготовка основного платежа" name="И в логе ПН сервера присутствует строка &quot;POST параметры: [billing = &apos;Cashpay1.t0&apos; , service = &apos;0001&apos; , provider = &apos;CashOnlyTruePTS0&apos; , serviceGuid = &apos;9999_1t0&apos; , operation = &apos;init&apos; ]&quot;" time="0"/>
  <testcase classname="Сценарий: Подгготовка основного платежа" name="Если пользователь нажимает кнопку &quot;Далее&quot;" time="0"/>
  <testcase classname="Сценарий: Подгготовка основного платежа" name="То шаблон &quot;atm_total&quot; отображен" time="0"/>
  <testcase classname="Сценарий: Подгготовка основного платежа" name="Если пользователь нажимает кнопку &quot;Оплатить наличными&quot;" time="0"/>
  <testcase classname="Сценарий: Подгготовка основного платежа" name="То шаблон &quot;atm_input_phone&quot; отображен" time="0"/>
  <testcase classname="Сценарий: Подгготовка основного платежа" name="Если пользователь вводит &quot;9054564545&quot;" time="0"/>
  <testcase classname="Сценарий: Подгготовка основного платежа" name="Если пользователь нажимает кнопку &quot;Далее&quot;" time="0"/>
  <testcase classname="Сценарий: Подгготовка основного платежа" name="То шаблон &quot;atm_ndc_input_cash&quot; отображен" time="0"/>
  <testcase classname="Сценарий: Подгготовка основного платежа" name="Если пользователь нажимает кнопку &quot;100&quot;" time="0"/>
  <testcase classname="Сценарий: Подгготовка основного платежа" name="Если пользователь нажимает кнопку &quot;Оплатить&quot;" time="0"/>
  <testcase classname="Сценарий: Подгготовка основного платежа" name="То шаблон &quot;atm_ok_self&quot; отображен" time="0"/>
  <testcase classname="Сценарий: Подгготовка основного платежа" name="И в логе ПН сервера присутствует строка &quot;ЕРИБ REQUEST: doConfirmCashPayment&quot;" time="0"/>
  <testcase classname="Сценарий: Подгготовка основного платежа" name="И в логе ПН сервера присутствует строка &quot;PackOfPayments/confirm.do&quot;" time="0"/>
  <testcase classname="Сценарий: Подгготовка основного платежа" name="Сценарий: Подгготовка основного платежа" time="1.225"/>
</testsuite>